<?xml version="1.0" encoding="UTF-8"?>
<coverage generated="1583783301838" clover="3.2.0">
  <project timestamp="1583783301839" name="All files">
    <metrics statements="19" coveredstatements="4" conditionals="4" coveredconditionals="0" methods="12" coveredmethods="2" elements="35" coveredelements="6" complexity="0" loc="19" ncloc="19" packages="1" files="2" classes="2">
      <file name="AddAsset.vue" path="/Users/bharatmangwani/nehaprojects/assetManagement/src/components/AddAsset.vue">
        <metrics statements="11" coveredstatements="0" conditionals="0" coveredconditionals="0" methods="7" coveredmethods="0"/>
        <line num="81" count="0" type="stmt"/>
        <line num="86" count="0" type="stmt"/>
        <line num="95" count="0" type="stmt"/>
        <line num="96" count="0" type="stmt"/>
        <line num="98" count="0" type="stmt"/>
        <line num="101" count="0" type="stmt"/>
        <line num="106" count="0" type="stmt"/>
        <line num="107" count="0" type="stmt"/>
        <line num="108" count="0" type="stmt"/>
        <line num="110" count="0" type="stmt"/>
        <line num="115" count="0" type="stmt"/>
      </file>
      <file name="AssetsList.vue" path="/Users/bharatmangwani/nehaprojects/assetManagement/src/components/AssetsList.vue">
        <metrics statements="8" coveredstatements="4" conditionals="4" coveredconditionals="0" methods="5" coveredmethods="2"/>
        <line num="21" count="1" type="stmt"/>
        <line num="26" count="1" type="stmt"/>
        <line num="36" count="1" type="stmt"/>
        <line num="37" count="1" type="stmt"/>
        <line num="39" count="0" type="stmt"/>
        <line num="42" count="0" type="stmt"/>
        <line num="48" count="0" type="cond" truecount="0" falsecount="2"/>
        <line num="49" count="0" type="cond" truecount="0" falsecount="2"/>
      </file>
    </metrics>
  </project>
</coverage>
