{"/Users/bharatmangwani/nehaprojects/assetManagement/src/components/AddAsset.vue": {"path":"/Users/bharatmangwani/nehaprojects/assetManagement/src/components/AddAsset.vue","statementMap":{"0":{"start":{"line":81,"column":0},"end":{"line":null,"column":-1}},"1":{"start":{"line":86,"column":0},"end":{"line":null,"column":-1}},"2":{"start":{"line":95,"column":0},"end":{"line":null,"column":-1}},"3":{"start":{"line":96,"column":0},"end":{"line":102,"column":0}},"4":{"start":{"line":98,"column":0},"end":{"line":null,"column":-1}},"5":{"start":{"line":101,"column":0},"end":{"line":null,"column":-1}},"6":{"start":{"line":106,"column":0},"end":{"line":null,"column":-1}},"7":{"start":{"line":107,"column":0},"end":{"line":null,"column":-1}},"8":{"start":{"line":108,"column":0},"end":{"line":116,"column":0}},"9":{"start":{"line":110,"column":0},"end":{"line":null,"column":-1}},"10":{"start":{"line":115,"column":0},"end":{"line":null,"column":-1}}},"fnMap":{"0":{"name":"data","decl":{"start":{"line":85,"column":0},"end":{"line":null,"column":-1}},"loc":{"start":{"line":85,"column":0},"end":{"line":94,"column":0}}},"1":{"name":"getOptions","decl":{"start":{"line":95,"column":0},"end":{"line":null,"column":-1}},"loc":{"start":{"line":95,"column":0},"end":{"line":103,"column":0}}},"2":{"name":"(anonymous_4)","decl":{"start":{"line":96,"column":0},"end":{"line":null,"column":-1}},"loc":{"start":{"line":96,"column":0},"end":{"line":99,"column":0}}},"3":{"name":"(anonymous_5)","decl":{"start":{"line":99,"column":0},"end":{"line":null,"column":-1}},"loc":{"start":{"line":99,"column":0},"end":{"line":102,"column":0}}},"4":{"name":"onSubmit","decl":{"start":{"line":106,"column":0},"end":{"line":null,"column":-1}},"loc":{"start":{"line":106,"column":0},"end":{"line":117,"column":0}}},"5":{"name":"(anonymous_7)","decl":{"start":{"line":108,"column":0},"end":{"line":null,"column":-1}},"loc":{"start":{"line":108,"column":0},"end":{"line":113,"column":0}}},"6":{"name":"(anonymous_8)","decl":{"start":{"line":113,"column":0},"end":{"line":null,"column":-1}},"loc":{"start":{"line":113,"column":0},"end":{"line":116,"column":0}}}},"branchMap":{},"s":{"0":0,"1":0,"2":0,"3":0,"4":0,"5":0,"6":0,"7":0,"8":0,"9":0,"10":0},"f":{"0":0,"1":0,"2":0,"3":0,"4":0,"5":0,"6":0},"b":{}}
,"/Users/bharatmangwani/nehaprojects/assetManagement/src/components/AssetsList.vue": {"path":"/Users/bharatmangwani/nehaprojects/assetManagement/src/components/AssetsList.vue","statementMap":{"0":{"start":{"line":21,"column":0},"end":{"line":null,"column":-1}},"1":{"start":{"line":26,"column":0},"end":{"line":null,"column":-1}},"2":{"start":{"line":36,"column":0},"end":{"line":null,"column":-1}},"3":{"start":{"line":37,"column":0},"end":{"line":43,"column":0}},"4":{"start":{"line":39,"column":0},"end":{"line":null,"column":-1}},"5":{"start":{"line":42,"column":0},"end":{"line":null,"column":-1}},"6":{"start":{"line":48,"column":0},"end":{"line":null,"column":-1}},"7":{"start":{"line":49,"column":0},"end":{"line":null,"column":-1}}},"fnMap":{"0":{"name":"data","decl":{"start":{"line":25,"column":0},"end":{"line":null,"column":-1}},"loc":{"start":{"line":25,"column":0},"end":{"line":35,"column":0}}},"1":{"name":"created","decl":{"start":{"line":36,"column":0},"end":{"line":null,"column":-1}},"loc":{"start":{"line":36,"column":0},"end":{"line":44,"column":0}}},"2":{"name":"(anonymous_4)","decl":{"start":{"line":37,"column":0},"end":{"line":null,"column":-1}},"loc":{"start":{"line":37,"column":0},"end":{"line":40,"column":0}}},"3":{"name":"(anonymous_5)","decl":{"start":{"line":40,"column":0},"end":{"line":null,"column":-1}},"loc":{"start":{"line":40,"column":0},"end":{"line":43,"column":0}}},"4":{"name":"rowClass","decl":{"start":{"line":47,"column":0},"end":{"line":null,"column":-1}},"loc":{"start":{"line":47,"column":0},"end":{"line":50,"column":0}}}},"branchMap":{"0":{"loc":{"start":{"line":48,"column":0},"end":{"line":null,"column":-1}},"type":"if","locations":[{"start":{"line":48,"column":0},"end":{"line":null,"column":-1}},{"start":{"line":48,"column":0},"end":{"line":null,"column":-1}}]},"1":{"loc":{"start":{"line":49,"column":0},"end":{"line":null,"column":-1}},"type":"if","locations":[{"start":{"line":49,"column":0},"end":{"line":null,"column":-1}},{"start":{"line":49,"column":0},"end":{"line":null,"column":-1}}]}},"s":{"0":1,"1":1,"2":1,"3":1,"4":0,"5":0,"6":0,"7":0},"f":{"0":1,"1":1,"2":0,"3":0,"4":0},"b":{"0":[0,0],"1":[0,0]}}
}
