TN:
SF:/Users/bharatmangwani/nehaprojects/assetManagement/src/components/AddAsset.vue
FN:85,data
FN:95,getOptions
FN:96,(anonymous_4)
FN:99,(anonymous_5)
FN:106,onSubmit
FN:108,(anonymous_7)
FN:113,(anonymous_8)
FNF:7
FNH:0
FNDA:0,data
FNDA:0,getOptions
FNDA:0,(anonymous_4)
FNDA:0,(anonymous_5)
FNDA:0,onSubmit
FNDA:0,(anonymous_7)
FNDA:0,(anonymous_8)
DA:81,0
DA:86,0
DA:95,0
DA:96,0
DA:98,0
DA:101,0
DA:106,0
DA:107,0
DA:108,0
DA:110,0
DA:115,0
LF:11
LH:0
BRF:0
BRH:0
end_of_record
TN:
SF:/Users/bharatmangwani/nehaprojects/assetManagement/src/components/AssetsList.vue
FN:25,data
FN:36,created
FN:37,(anonymous_4)
FN:40,(anonymous_5)
FN:47,rowClass
FNF:5
FNH:2
FNDA:1,data
FNDA:1,created
FNDA:0,(anonymous_4)
FNDA:0,(anonymous_5)
FNDA:0,rowClass
DA:21,1
DA:26,1
DA:36,1
DA:37,1
DA:39,0
DA:42,0
DA:48,0
DA:49,0
LF:8
LH:4
BRDA:48,0,0,0
BRDA:48,0,1,0
BRDA:49,1,0,0
BRDA:49,1,1,0
BRF:4
BRH:0
end_of_record
